[{"Plan": {"Node Type": "Limit",
   "Parallel Aware": false,
   "Startup Cost": 4461.7,
   "Total Cost": 517924.4,
   "Plan Rows": 1,
   "Plan Width": 13,
   "Actual Startup Time": 1758.435,
   "Actual Total Time": 1776.51,
   "Actual Rows": 1,
   "Actual Loops": 1,
   "Output": ["issue_issue.id",
    "issue_issue.model_type",
    "issue_issue.is_complete"],
   "Shared Hit Blocks": 20354,
   "Shared Read Blocks": 0,
   "Shared Dirtied Blocks": 0,
   "Shared Written Blocks": 0,
   "Local Hit Blocks": 0,
   "Local Read Blocks": 0,
   "Local Dirtied Blocks": 0,
   "Local Written Blocks": 0,
   "Temp Read Blocks": 0,
   "Temp Written Blocks": 330,
   "Plans": [{"Node Type": "Gather Merge",
     "Parent Relationship": "Outer",
     "Parallel Aware": false,
     "Startup Cost": 4461.7,
     "Total Cost": 975583588.63,
     "Plan Rows": 1900,
     "Plan Width": 13,
     "Actual Startup Time": 1537.833,
     "Actual Total Time": 1555.901,
     "Actual Rows": 1,
     "Actual Loops": 1,
     "Output": ["issue_issue.id",
      "issue_issue.model_type",
      "issue_issue.is_complete"],
     "Workers Planned": 1,
     "Workers Launched": 1,
     "Shared Hit Blocks": 20354,
     "Shared Read Blocks": 0,
     "Shared Dirtied Blocks": 0,
     "Shared Written Blocks": 0,
     "Local Hit Blocks": 0,
     "Local Read Blocks": 0,
     "Local Dirtied Blocks": 0,
     "Local Written Blocks": 0,
     "Temp Read Blocks": 0,
     "Temp Written Blocks": 330,
     "Plans": [{"Node Type": "Index Scan",
       "Parent Relationship": "Outer",
       "Parallel Aware": true,
       "Scan Direction": "Forward",
       "Index Name": "issue_issue_pkey",
       "Relation Name": "issue_issue",
       "Schema": "public",
       "Alias": "issue_issue",
       "Startup Cost": 3461.69,
       "Total Cost": 975582374.87,
       "Plan Rows": 1118,
       "Plan Width": 13,
       "Actual Startup Time": 1053.248,
       "Actual Total Time": 1053.269,
       "Actual Rows": 1,
       "Actual Loops": 2,
       "Output": ["issue_issue.id",
        "issue_issue.model_type",
        "issue_issue.is_complete"],
       "Filter": "((NOT issue_issue.is_complete) AND (issue_issue.model_type = ANY ('{2,3,4}'::integer[])) AND (NOT (SubPlan 1)))",
       "Rows Removed by Filter": 47,
       "Shared Hit Blocks": 20354,
       "Shared Read Blocks": 0,
       "Shared Dirtied Blocks": 0,
       "Shared Written Blocks": 0,
       "Local Hit Blocks": 0,
       "Local Read Blocks": 0,
       "Local Dirtied Blocks": 0,
       "Local Written Blocks": 0,
       "Temp Read Blocks": 0,
       "Temp Written Blocks": 330,
       "Workers": [{"Worker Number": 0,
         "Actual Startup Time": 1292.901,
         "Actual Total Time": 1292.936,
         "Actual Rows": 1,
         "Actual Loops": 1,
         "JIT": {"Functions": 8,
          "Options": {"Inlining": true,
           "Optimization": true,
           "Expressions": true,
           "Deforming": true},
          "Timing": {"Generation": 12.607,
           "Inlining": 219.25,
           "Optimization": 383.085,
           "Emission": 289.953,
           "Total": 904.895}},
         "Shared Hit Blocks": 10177,
         "Shared Read Blocks": 0,
         "Shared Dirtied Blocks": 0,
         "Shared Written Blocks": 0,
         "Local Hit Blocks": 0,
         "Local Read Blocks": 0,
         "Local Dirtied Blocks": 0,
         "Local Written Blocks": 0,
         "Temp Read Blocks": 0,
         "Temp Written Blocks": 0}],
       "Plans": [{"Node Type": "Materialize",
         "Parent Relationship": "SubPlan",
         "Subplan Name": "SubPlan 1",
         "Parallel Aware": false,
         "Startup Cost": 3461.27,
         "Total Cost": 16250.49,
         "Plan Rows": 149270,
         "Plan Width": 8,
         "Actual Startup Time": 40.61,
         "Actual Total Time": 535.493,
         "Actual Rows": 150286,
         "Actual Loops": 2,
         "Output": ["u0.issue_id"],
         "Shared Hit Blocks": 20347,
         "Shared Read Blocks": 0,
         "Shared Dirtied Blocks": 0,
         "Shared Written Blocks": 0,
         "Local Hit Blocks": 0,
         "Local Read Blocks": 0,
         "Local Dirtied Blocks": 0,
         "Local Written Blocks": 0,
         "Temp Read Blocks": 0,
         "Temp Written Blocks": 330,
         "Workers": [{"Worker Number": 0,
           "Actual Startup Time": 39.482,
           "Actual Total Time": 328.683,
           "Actual Rows": 150286,
           "Actual Loops": 1,
           "Shared Hit Blocks": 10174,
           "Shared Read Blocks": 0,
           "Shared Dirtied Blocks": 0,
           "Shared Written Blocks": 0,
           "Local Hit Blocks": 0,
           "Local Read Blocks": 0,
           "Local Dirtied Blocks": 0,
           "Local Written Blocks": 0,
           "Temp Read Blocks": 0,
           "Temp Written Blocks": 0}],
         "Plans": [{"Node Type": "Bitmap Heap Scan",
           "Parent Relationship": "Outer",
           "Parallel Aware": false,
           "Relation Name": "work_work",
           "Schema": "public",
           "Alias": "u0",
           "Startup Cost": 3461.27,
           "Total Cost": 14920.15,
           "Plan Rows": 149270,
           "Plan Width": 8,
           "Actual Startup Time": 40.484,
           "Actual Total Time": 210.135,
           "Actual Rows": 150286,
           "Actual Loops": 2,
           "Output": ["u0.issue_id"],
           "Recheck Cond": "(u0.model_type = 4)",
           "Rows Removed by Index Recheck": 0,
           "Exact Heap Blocks": 9593,
           "Lossy Heap Blocks": 0,
           "Shared Hit Blocks": 20347,
           "Shared Read Blocks": 0,
           "Shared Dirtied Blocks": 0,
           "Shared Written Blocks": 0,
           "Local Hit Blocks": 0,
           "Local Read Blocks": 0,
           "Local Dirtied Blocks": 0,
           "Local Written Blocks": 0,
           "Temp Read Blocks": 0,
           "Temp Written Blocks": 0,
           "Workers": [{"Worker Number": 0,
             "Actual Startup Time": 39.253,
             "Actual Total Time": 201.958,
             "Actual Rows": 150286,
             "Actual Loops": 1,
             "Shared Hit Blocks": 10174,
             "Shared Read Blocks": 0,
             "Shared Dirtied Blocks": 0,
             "Shared Written Blocks": 0,
             "Local Hit Blocks": 0,
             "Local Read Blocks": 0,
             "Local Dirtied Blocks": 0,
             "Local Written Blocks": 0,
             "Temp Read Blocks": 0,
             "Temp Written Blocks": 0}],
           "Plans": [{"Node Type": "Bitmap Index Scan",
             "Parent Relationship": "Outer",
             "Parallel Aware": false,
             "Index Name": "work_type_complete_id",
             "Startup Cost": 0.0,
             "Total Cost": 3423.95,
             "Plan Rows": 149270,
             "Plan Width": 0,
             "Actual Startup Time": 34.515,
             "Actual Total Time": 34.524,
             "Actual Rows": 150286,
             "Actual Loops": 2,
             "Index Cond": "(u0.model_type = 4)",
             "Shared Hit Blocks": 1161,
             "Shared Read Blocks": 0,
             "Shared Dirtied Blocks": 0,
             "Shared Written Blocks": 0,
             "Local Hit Blocks": 0,
             "Local Read Blocks": 0,
             "Local Dirtied Blocks": 0,
             "Local Written Blocks": 0,
             "Temp Read Blocks": 0,
             "Temp Written Blocks": 0,
             "Workers": [{"Worker Number": 0,
               "Actual Startup Time": 33.274,
               "Actual Total Time": 33.291,
               "Actual Rows": 150286,
               "Actual Loops": 1,
               "Shared Hit Blocks": 581,
               "Shared Read Blocks": 0,
               "Shared Dirtied Blocks": 0,
               "Shared Written Blocks": 0,
               "Local Hit Blocks": 0,
               "Local Read Blocks": 0,
               "Local Dirtied Blocks": 0,
               "Local Written Blocks": 0,
               "Temp Read Blocks": 0,
               "Temp Written Blocks": 0}]}]}]}]}]}]},
  "Planning": {"Shared Hit Blocks": 0,
   "Shared Read Blocks": 0,
   "Shared Dirtied Blocks": 0,
   "Shared Written Blocks": 0,
   "Local Hit Blocks": 0,
   "Local Read Blocks": 0,
   "Local Dirtied Blocks": 0,
   "Local Written Blocks": 0,
   "Temp Read Blocks": 0,
   "Temp Written Blocks": 0},
  "Planning Time": 5.667,
  "Triggers": [],
  "JIT": {"Functions": 17,
   "Options": {"Inlining": true,
    "Optimization": true,
    "Expressions": true,
    "Deforming": true},
   "Timing": {"Generation": 30.248,
    "Inlining": 258.439,
    "Optimization": 499.428,
    "Emission": 354.567,
    "Total": 1142.683}},
  "Execution Time": 1798.933}]