[{"Plan": {"Node Type": "Limit",
   "Parallel Aware": false,
   "Startup Cost": 11083.47,
   "Total Cost": 11083.47,
   "Plan Rows": 1,
   "Plan Width": 21,
   "Actual Startup Time": 0.53,
   "Actual Total Time": 0.549,
   "Actual Rows": 1,
   "Actual Loops": 1,
   "Output": ["issue_issue.id",
    "issue_issue.model_type",
    "issue_issue.is_complete",
    "issue_issue.account_id"],
   "Shared Hit Blocks": 7,
   "Shared Read Blocks": 0,
   "Shared Dirtied Blocks": 0,
   "Shared Written Blocks": 0,
   "Local Hit Blocks": 0,
   "Local Read Blocks": 0,
   "Local Dirtied Blocks": 0,
   "Local Written Blocks": 0,
   "Temp Read Blocks": 0,
   "Temp Written Blocks": 0,
   "Plans": [{"Node Type": "Sort",
     "Parent Relationship": "Outer",
     "Parallel Aware": false,
     "Startup Cost": 11083.47,
     "Total Cost": 11083.49,
     "Plan Rows": 9,
     "Plan Width": 21,
     "Actual Startup Time": 0.516,
     "Actual Total Time": 0.529,
     "Actual Rows": 1,
     "Actual Loops": 1,
     "Output": ["issue_issue.id",
      "issue_issue.model_type",
      "issue_issue.is_complete",
      "issue_issue.account_id"],
     "Sort Key": ["issue_issue.id"],
     "Sort Method": "quicksort",
     "Sort Space Used": 25,
     "Sort Space Type": "Memory",
     "Shared Hit Blocks": 7,
     "Shared Read Blocks": 0,
     "Shared Dirtied Blocks": 0,
     "Shared Written Blocks": 0,
     "Local Hit Blocks": 0,
     "Local Read Blocks": 0,
     "Local Dirtied Blocks": 0,
     "Local Written Blocks": 0,
     "Temp Read Blocks": 0,
     "Temp Written Blocks": 0,
     "Plans": [{"Node Type": "Bitmap Heap Scan",
       "Parent Relationship": "Outer",
       "Parallel Aware": false,
       "Relation Name": "issue_issue",
       "Schema": "public",
       "Alias": "issue_issue",
       "Startup Cost": 9668.32,
       "Total Cost": 11083.42,
       "Plan Rows": 9,
       "Plan Width": 21,
       "Actual Startup Time": 0.445,
       "Actual Total Time": 0.463,
       "Actual Rows": 1,
       "Actual Loops": 1,
       "Output": ["issue_issue.id",
        "issue_issue.model_type",
        "issue_issue.is_complete",
        "issue_issue.account_id"],
       "Recheck Cond": "(issue_issue.account_id = 72)",
       "Rows Removed by Index Recheck": 0,
       "Filter": "((NOT issue_issue.is_complete) AND (NOT (hashed SubPlan 1)) AND (issue_issue.model_type = ANY ('{2,3,4}'::integer[])))",
       "Rows Removed by Filter": 0,
       "Exact Heap Blocks": 1,
       "Lossy Heap Blocks": 0,
       "Shared Hit Blocks": 7,
       "Shared Read Blocks": 0,
       "Shared Dirtied Blocks": 0,
       "Shared Written Blocks": 0,
       "Local Hit Blocks": 0,
       "Local Read Blocks": 0,
       "Local Dirtied Blocks": 0,
       "Local Written Blocks": 0,
       "Temp Read Blocks": 0,
       "Temp Written Blocks": 0,
       "Plans": [{"Node Type": "Bitmap Index Scan",
         "Parent Relationship": "Outer",
         "Parallel Aware": false,
         "Index Name": "issue_issue_account_id_55ed2b96",
         "Startup Cost": 0.0,
         "Total Cost": 17.87,
         "Plan Rows": 1260,
         "Plan Width": 0,
         "Actual Startup Time": 0.153,
         "Actual Total Time": 0.157,
         "Actual Rows": 1,
         "Actual Loops": 1,
         "Index Cond": "(issue_issue.account_id = 72)",
         "Shared Hit Blocks": 3,
         "Shared Read Blocks": 0,
         "Shared Dirtied Blocks": 0,
         "Shared Written Blocks": 0,
         "Local Hit Blocks": 0,
         "Local Read Blocks": 0,
         "Local Dirtied Blocks": 0,
         "Local Written Blocks": 0,
         "Temp Read Blocks": 0,
         "Temp Written Blocks": 0},
        {"Node Type": "Bitmap Heap Scan",
         "Parent Relationship": "SubPlan",
         "Subplan Name": "SubPlan 1",
         "Parallel Aware": false,
         "Relation Name": "work_work",
         "Schema": "public",
         "Alias": "u0",
         "Startup Cost": 85.09,
         "Total Cost": 9648.59,
         "Plan Rows": 746,
         "Plan Width": 8,
         "Actual Startup Time": 0.051,
         "Actual Total Time": 0.053,
         "Actual Rows": 0,
         "Actual Loops": 1,
         "Output": ["u0.issue_id"],
         "Recheck Cond": "(u0.account_id = 72)",
         "Rows Removed by Index Recheck": 0,
         "Filter": "(u0.model_type = 4)",
         "Rows Removed by Filter": 0,
         "Exact Heap Blocks": 0,
         "Lossy Heap Blocks": 0,
         "Shared Hit Blocks": 3,
         "Shared Read Blocks": 0,
         "Shared Dirtied Blocks": 0,
         "Shared Written Blocks": 0,
         "Local Hit Blocks": 0,
         "Local Read Blocks": 0,
         "Local Dirtied Blocks": 0,
         "Local Written Blocks": 0,
         "Temp Read Blocks": 0,
         "Temp Written Blocks": 0,
         "Plans": [{"Node Type": "Bitmap Index Scan",
           "Parent Relationship": "Outer",
           "Parallel Aware": false,
           "Index Name": "work_work_account_id_eca74339",
           "Startup Cost": 0.0,
           "Total Cost": 84.9,
           "Plan Rows": 7530,
           "Plan Width": 0,
           "Actual Startup Time": 0.044,
           "Actual Total Time": 0.045,
           "Actual Rows": 0,
           "Actual Loops": 1,
           "Index Cond": "(u0.account_id = 72)",
           "Shared Hit Blocks": 3,
           "Shared Read Blocks": 0,
           "Shared Dirtied Blocks": 0,
           "Shared Written Blocks": 0,
           "Local Hit Blocks": 0,
           "Local Read Blocks": 0,
           "Local Dirtied Blocks": 0,
           "Local Written Blocks": 0,
           "Temp Read Blocks": 0,
           "Temp Written Blocks": 0}]}]}]}]},
  "Planning": {"Shared Hit Blocks": 0,
   "Shared Read Blocks": 0,
   "Shared Dirtied Blocks": 0,
   "Shared Written Blocks": 0,
   "Local Hit Blocks": 0,
   "Local Read Blocks": 0,
   "Local Dirtied Blocks": 0,
   "Local Written Blocks": 0,
   "Temp Read Blocks": 0,
   "Temp Written Blocks": 0},
  "Planning Time": 2.398,
  "Triggers": [],
  "Execution Time": 0.994}]
