[{"Plan": {"Node Type": "Limit",
   "Parallel Aware": false,
   "Startup Cost": 6030.86,
   "Total Cost": 6030.86,
   "Plan Rows": 1,
   "Plan Width": 21,
   "Actual Startup Time": 4.583,
   "Actual Total Time": 4.594,
   "Actual Rows": 1,
   "Actual Loops": 1,
   "Output": ["issue_issue.id",
    "issue_issue.model_type",
    "issue_issue.is_complete",
    "issue_issue.account_id"],
   "Shared Hit Blocks": 36,
   "Shared Read Blocks": 0,
   "Shared Dirtied Blocks": 0,
   "Shared Written Blocks": 0,
   "Local Hit Blocks": 0,
   "Local Read Blocks": 0,
   "Local Dirtied Blocks": 0,
   "Local Written Blocks": 0,
   "Temp Read Blocks": 0,
   "Temp Written Blocks": 0,
   "Plans": [{"Node Type": "Sort",
     "Parent Relationship": "Outer",
     "Parallel Aware": false,
     "Startup Cost": 6030.86,
     "Total Cost": 6030.88,
     "Plan Rows": 9,
     "Plan Width": 21,
     "Actual Startup Time": 4.571,
     "Actual Total Time": 4.579,
     "Actual Rows": 1,
     "Actual Loops": 1,
     "Output": ["issue_issue.id",
      "issue_issue.model_type",
      "issue_issue.is_complete",
      "issue_issue.account_id"],
     "Sort Key": ["issue_issue.id"],
     "Sort Method": "quicksort",
     "Sort Space Used": 25,
     "Sort Space Type": "Memory",
     "Shared Hit Blocks": 36,
     "Shared Read Blocks": 0,
     "Shared Dirtied Blocks": 0,
     "Shared Written Blocks": 0,
     "Local Hit Blocks": 0,
     "Local Read Blocks": 0,
     "Local Dirtied Blocks": 0,
     "Local Written Blocks": 0,
     "Temp Read Blocks": 0,
     "Temp Written Blocks": 0,
     "Plans": [{"Node Type": "Bitmap Heap Scan",
       "Parent Relationship": "Outer",
       "Parallel Aware": false,
       "Relation Name": "issue_issue",
       "Schema": "public",
       "Alias": "issue_issue",
       "Startup Cost": 5961.19,
       "Total Cost": 6030.81,
       "Plan Rows": 9,
       "Plan Width": 21,
       "Actual Startup Time": 4.525,
       "Actual Total Time": 4.534,
       "Actual Rows": 1,
       "Actual Loops": 1,
       "Output": ["issue_issue.id",
        "issue_issue.model_type",
        "issue_issue.is_complete",
        "issue_issue.account_id"],
       "Recheck Cond": "((issue_issue.account_id = 1) AND (issue_issue.model_type = ANY ('{2,3,4}'::integer[])))",
       "Rows Removed by Index Recheck": 0,
       "Filter": "((NOT issue_issue.is_complete) AND (NOT (hashed SubPlan 1)))",
       "Rows Removed by Filter": 0,
       "Exact Heap Blocks": 1,
       "Lossy Heap Blocks": 0,
       "Shared Hit Blocks": 36,
       "Shared Read Blocks": 0,
       "Shared Dirtied Blocks": 0,
       "Shared Written Blocks": 0,
       "Local Hit Blocks": 0,
       "Local Read Blocks": 0,
       "Local Dirtied Blocks": 0,
       "Local Written Blocks": 0,
       "Temp Read Blocks": 0,
       "Temp Written Blocks": 0,
       "Plans": [{"Node Type": "BitmapAnd",
         "Parent Relationship": "Outer",
         "Parallel Aware": false,
         "Startup Cost": 153.36,
         "Total Cost": 153.36,
         "Plan Rows": 19,
         "Plan Width": 0,
         "Actual Startup Time": 4.376,
         "Actual Total Time": 4.379,
         "Actual Rows": 0,
         "Actual Loops": 1,
         "Shared Hit Blocks": 32,
         "Shared Read Blocks": 0,
         "Shared Dirtied Blocks": 0,
         "Shared Written Blocks": 0,
         "Local Hit Blocks": 0,
         "Local Read Blocks": 0,
         "Local Dirtied Blocks": 0,
         "Local Written Blocks": 0,
         "Temp Read Blocks": 0,
         "Temp Written Blocks": 0,
         "Plans": [{"Node Type": "Bitmap Index Scan",
           "Parent Relationship": "Member",
           "Parallel Aware": false,
           "Index Name": "issue_issue_account_id_55ed2b96",
           "Startup Cost": 0.0,
           "Total Cost": 17.87,
           "Plan Rows": 1260,
           "Plan Width": 0,
           "Actual Startup Time": 0.159,
           "Actual Total Time": 0.16,
           "Actual Rows": 1,
           "Actual Loops": 1,
           "Index Cond": "(issue_issue.account_id = 1)",
           "Shared Hit Blocks": 3,
           "Shared Read Blocks": 0,
           "Shared Dirtied Blocks": 0,
           "Shared Written Blocks": 0,
           "Local Hit Blocks": 0,
           "Local Read Blocks": 0,
           "Local Dirtied Blocks": 0,
           "Local Written Blocks": 0,
           "Temp Read Blocks": 0,
           "Temp Written Blocks": 0},
          {"Node Type": "Bitmap Index Scan",
           "Parent Relationship": "Member",
           "Parallel Aware": false,
           "Index Name": "issue_type_complete_id",
           "Startup Cost": 0.0,
           "Total Cost": 135.24,
           "Plan Rows": 3799,
           "Plan Width": 0,
           "Actual Startup Time": 4.196,
           "Actual Total Time": 4.197,
           "Actual Rows": 4011,
           "Actual Loops": 1,
           "Index Cond": "((issue_issue.model_type = ANY ('{2,3,4}'::integer[])) AND (issue_issue.is_complete = false))",
           "Shared Hit Blocks": 29,
           "Shared Read Blocks": 0,
           "Shared Dirtied Blocks": 0,
           "Shared Written Blocks": 0,
           "Local Hit Blocks": 0,
           "Local Read Blocks": 0,
           "Local Dirtied Blocks": 0,
           "Local Written Blocks": 0,
           "Temp Read Blocks": 0,
           "Temp Written Blocks": 0}]},
        {"Node Type": "Bitmap Heap Scan",
         "Parent Relationship": "SubPlan",
         "Subplan Name": "SubPlan 1",
         "Parallel Aware": false,
         "Relation Name": "work_work",
         "Schema": "public",
         "Alias": "u0",
         "Startup Cost": 3509.29,
         "Total Cost": 5805.96,
         "Plan Rows": 746,
         "Plan Width": 8,
         "Actual Startup Time": 0.028,
         "Actual Total Time": 0.03,
         "Actual Rows": 0,
         "Actual Loops": 1,
         "Output": ["u0.issue_id"],
         "Recheck Cond": "((u0.account_id = 1) AND (u0.model_type = 4))",
         "Rows Removed by Index Recheck": 0,
         "Exact Heap Blocks": 0,
         "Lossy Heap Blocks": 0,
         "Shared Hit Blocks": 3,
         "Shared Read Blocks": 0,
         "Shared Dirtied Blocks": 0,
         "Shared Written Blocks": 0,
         "Local Hit Blocks": 0,
         "Local Read Blocks": 0,
         "Local Dirtied Blocks": 0,
         "Local Written Blocks": 0,
         "Temp Read Blocks": 0,
         "Temp Written Blocks": 0,
         "Plans": [{"Node Type": "BitmapAnd",
           "Parent Relationship": "Outer",
           "Parallel Aware": false,
           "Startup Cost": 3509.29,
           "Total Cost": 3509.29,
           "Plan Rows": 746,
           "Plan Width": 0,
           "Actual Startup Time": 0.024,
           "Actual Total Time": 0.025,
           "Actual Rows": 0,
           "Actual Loops": 1,
           "Shared Hit Blocks": 3,
           "Shared Read Blocks": 0,
           "Shared Dirtied Blocks": 0,
           "Shared Written Blocks": 0,
           "Local Hit Blocks": 0,
           "Local Read Blocks": 0,
           "Local Dirtied Blocks": 0,
           "Local Written Blocks": 0,
           "Temp Read Blocks": 0,
           "Temp Written Blocks": 0,
           "Plans": [{"Node Type": "Bitmap Index Scan",
             "Parent Relationship": "Member",
             "Parallel Aware": false,
             "Index Name": "work_work_account_id_eca74339",
             "Startup Cost": 0.0,
             "Total Cost": 84.9,
             "Plan Rows": 7530,
             "Plan Width": 0,
             "Actual Startup Time": 0.022,
             "Actual Total Time": 0.023,
             "Actual Rows": 0,
             "Actual Loops": 1,
             "Index Cond": "(u0.account_id = 1)",
             "Shared Hit Blocks": 3,
             "Shared Read Blocks": 0,
             "Shared Dirtied Blocks": 0,
             "Shared Written Blocks": 0,
             "Local Hit Blocks": 0,
             "Local Read Blocks": 0,
             "Local Dirtied Blocks": 0,
             "Local Written Blocks": 0,
             "Temp Read Blocks": 0,
             "Temp Written Blocks": 0},
            {"Node Type": "Bitmap Index Scan",
             "Parent Relationship": "Member",
             "Parallel Aware": false,
             "Index Name": "work_type_complete_id",
             "Startup Cost": 0.0,
             "Total Cost": 3423.76,
             "Plan Rows": 149245,
             "Plan Width": 0,
             "Actual Startup Time": 0.0,
             "Actual Total Time": 0.0,
             "Actual Rows": 0,
             "Actual Loops": 0,
             "Index Cond": "(u0.model_type = 4)",
             "Shared Hit Blocks": 0,
             "Shared Read Blocks": 0,
             "Shared Dirtied Blocks": 0,
             "Shared Written Blocks": 0,
             "Local Hit Blocks": 0,
             "Local Read Blocks": 0,
             "Local Dirtied Blocks": 0,
             "Local Written Blocks": 0,
             "Temp Read Blocks": 0,
             "Temp Written Blocks": 0}]}]}]}]}]},
  "Planning": {"Shared Hit Blocks": 0,
   "Shared Read Blocks": 0,
   "Shared Dirtied Blocks": 0,
   "Shared Written Blocks": 0,
   "Local Hit Blocks": 0,
   "Local Read Blocks": 0,
   "Local Dirtied Blocks": 0,
   "Local Written Blocks": 0,
   "Temp Read Blocks": 0,
   "Temp Written Blocks": 0},
  "Planning Time": 2.171,
  "Triggers": [],
  "Execution Time": 5.198}]
