[{"Plan": {"Node Type": "Limit",
   "Parallel Aware": false,
   "Startup Cost": 15293.74,
   "Total Cost": 15301.36,
   "Plan Rows": 1,
   "Plan Width": 13,
   "Actual Startup Time": 385.981,
   "Actual Total Time": 385.991,
   "Actual Rows": 1,
   "Actual Loops": 1,
   "Output": ["issue_issue.id",
    "issue_issue.model_type",
    "issue_issue.is_complete"],
   "Shared Hit Blocks": 10177,
   "Shared Read Blocks": 0,
   "Shared Dirtied Blocks": 0,
   "Shared Written Blocks": 0,
   "Local Hit Blocks": 0,
   "Local Read Blocks": 0,
   "Local Dirtied Blocks": 0,
   "Local Written Blocks": 0,
   "Temp Read Blocks": 0,
   "Temp Written Blocks": 0,
   "Plans": [{"Node Type": "Index Scan",
     "Parent Relationship": "Outer",
     "Parallel Aware": false,
     "Scan Direction": "Forward",
     "Index Name": "issue_issue_pkey",
     "Relation Name": "issue_issue",
     "Schema": "public",
     "Alias": "issue_issue",
     "Startup Cost": 15293.74,
     "Total Cost": 29775.44,
     "Plan Rows": 1900,
     "Plan Width": 13,
     "Actual Startup Time": 385.968,
     "Actual Total Time": 385.972,
     "Actual Rows": 1,
     "Actual Loops": 1,
     "Output": ["issue_issue.id",
      "issue_issue.model_type",
      "issue_issue.is_complete"],
     "Filter": "((NOT issue_issue.is_complete) AND (NOT (hashed SubPlan 1)) AND (issue_issue.model_type = ANY ('{2,3,4}'::integer[])))",
     "Rows Removed by Filter": 60,
     "Shared Hit Blocks": 10177,
     "Shared Read Blocks": 0,
     "Shared Dirtied Blocks": 0,
     "Shared Written Blocks": 0,
     "Local Hit Blocks": 0,
     "Local Read Blocks": 0,
     "Local Dirtied Blocks": 0,
     "Local Written Blocks": 0,
     "Temp Read Blocks": 0,
     "Temp Written Blocks": 0,
     "Plans": [{"Node Type": "Bitmap Heap Scan",
       "Parent Relationship": "SubPlan",
       "Subplan Name": "SubPlan 1",
       "Parallel Aware": false,
       "Relation Name": "work_work",
       "Schema": "public",
       "Alias": "u0",
       "Startup Cost": 3461.27,
       "Total Cost": 14920.15,
       "Plan Rows": 149270,
       "Plan Width": 8,
       "Actual Startup Time": 68.328,
       "Actual Total Time": 232.043,
       "Actual Rows": 150286,
       "Actual Loops": 1,
       "Output": ["u0.issue_id"],
       "Recheck Cond": "(u0.model_type = 4)",
       "Rows Removed by Index Recheck": 0,
       "Exact Heap Blocks": 9593,
       "Lossy Heap Blocks": 0,
       "Shared Hit Blocks": 10173,
       "Shared Read Blocks": 0,
       "Shared Dirtied Blocks": 0,
       "Shared Written Blocks": 0,
       "Local Hit Blocks": 0,
       "Local Read Blocks": 0,
       "Local Dirtied Blocks": 0,
       "Local Written Blocks": 0,
       "Temp Read Blocks": 0,
       "Temp Written Blocks": 0,
       "Plans": [{"Node Type": "Bitmap Index Scan",
         "Parent Relationship": "Outer",
         "Parallel Aware": false,
         "Index Name": "work_type_complete_id",
         "Startup Cost": 0.0,
         "Total Cost": 3423.95,
         "Plan Rows": 149270,
         "Plan Width": 0,
         "Actual Startup Time": 62.595,
         "Actual Total Time": 62.596,
         "Actual Rows": 150286,
         "Actual Loops": 1,
         "Index Cond": "(u0.model_type = 4)",
         "Shared Hit Blocks": 580,
         "Shared Read Blocks": 0,
         "Shared Dirtied Blocks": 0,
         "Shared Written Blocks": 0,
         "Local Hit Blocks": 0,
         "Local Read Blocks": 0,
         "Local Dirtied Blocks": 0,
         "Local Written Blocks": 0,
         "Temp Read Blocks": 0,
         "Temp Written Blocks": 0}]}]}]},
  "Planning": {"Shared Hit Blocks": 0,
   "Shared Read Blocks": 0,
   "Shared Dirtied Blocks": 0,
   "Shared Written Blocks": 0,
   "Local Hit Blocks": 0,
   "Local Read Blocks": 0,
   "Local Dirtied Blocks": 0,
   "Local Written Blocks": 0,
   "Temp Read Blocks": 0,
   "Temp Written Blocks": 0},
  "Planning Time": 2.022,
  "Triggers": [],
  "Execution Time": 386.432}]
