[{"Plan": {"Node Type": "Limit",
   "Parallel Aware": false,
   "Startup Cost": 742.55,
   "Total Cost": 742.55,
   "Plan Rows": 1,
   "Plan Width": 21,
   "Actual Startup Time": 9.395,
   "Actual Total Time": 9.421,
   "Actual Rows": 1,
   "Actual Loops": 1,
   "Output": ["issue_issue.id",
    "issue_issue.model_type",
    "issue_issue.is_complete",
    "issue_issue.account_id"],
   "Shared Hit Blocks": 37,
   "Shared Read Blocks": 0,
   "Shared Dirtied Blocks": 0,
   "Shared Written Blocks": 0,
   "Local Hit Blocks": 0,
   "Local Read Blocks": 0,
   "Local Dirtied Blocks": 0,
   "Local Written Blocks": 0,
   "Temp Read Blocks": 0,
   "Temp Written Blocks": 0,
   "Plans": [{"Node Type": "Sort",
     "Parent Relationship": "Outer",
     "Parallel Aware": false,
     "Startup Cost": 742.55,
     "Total Cost": 742.57,
     "Plan Rows": 8,
     "Plan Width": 21,
     "Actual Startup Time": 9.379,
     "Actual Total Time": 9.397,
     "Actual Rows": 1,
     "Actual Loops": 1,
     "Output": ["issue_issue.id",
      "issue_issue.model_type",
      "issue_issue.is_complete",
      "issue_issue.account_id"],
     "Sort Key": ["issue_issue.id"],
     "Sort Method": "quicksort",
     "Sort Space Used": 25,
     "Sort Space Type": "Memory",
     "Shared Hit Blocks": 37,
     "Shared Read Blocks": 0,
     "Shared Dirtied Blocks": 0,
     "Shared Written Blocks": 0,
     "Local Hit Blocks": 0,
     "Local Read Blocks": 0,
     "Local Dirtied Blocks": 0,
     "Local Written Blocks": 0,
     "Temp Read Blocks": 0,
     "Temp Written Blocks": 0,
     "Plans": [{"Node Type": "Nested Loop",
       "Parent Relationship": "Outer",
       "Parallel Aware": false,
       "Join Type": "Anti",
       "Startup Cost": 153.8,
       "Total Cost": 742.51,
       "Plan Rows": 8,
       "Plan Width": 21,
       "Actual Startup Time": 9.283,
       "Actual Total Time": 9.31,
       "Actual Rows": 1,
       "Actual Loops": 1,
       "Output": ["issue_issue.id",
        "issue_issue.model_type",
        "issue_issue.is_complete",
        "issue_issue.account_id"],
       "Inner Unique": false,
       "Shared Hit Blocks": 37,
       "Shared Read Blocks": 0,
       "Shared Dirtied Blocks": 0,
       "Shared Written Blocks": 0,
       "Local Hit Blocks": 0,
       "Local Read Blocks": 0,
       "Local Dirtied Blocks": 0,
       "Local Written Blocks": 0,
       "Temp Read Blocks": 0,
       "Temp Written Blocks": 0,
       "Plans": [{"Node Type": "Bitmap Heap Scan",
         "Parent Relationship": "Outer",
         "Parallel Aware": false,
         "Relation Name": "issue_issue",
         "Schema": "public",
         "Alias": "issue_issue",
         "Startup Cost": 153.37,
         "Total Cost": 222.95,
         "Plan Rows": 19,
         "Plan Width": 21,
         "Actual Startup Time": 9.126,
         "Actual Total Time": 9.145,
         "Actual Rows": 1,
         "Actual Loops": 1,
         "Output": ["issue_issue.id",
          "issue_issue.model_type",
          "issue_issue.is_complete",
          "issue_issue.account_id"],
         "Recheck Cond": "((issue_issue.account_id = 1) AND (issue_issue.model_type = ANY ('{2,3,4}'::integer[])))",
         "Rows Removed by Index Recheck": 0,
         "Filter": "(NOT issue_issue.is_complete)",
         "Rows Removed by Filter": 0,
         "Exact Heap Blocks": 1,
         "Lossy Heap Blocks": 0,
         "Shared Hit Blocks": 33,
         "Shared Read Blocks": 0,
         "Shared Dirtied Blocks": 0,
         "Shared Written Blocks": 0,
         "Local Hit Blocks": 0,
         "Local Read Blocks": 0,
         "Local Dirtied Blocks": 0,
         "Local Written Blocks": 0,
         "Temp Read Blocks": 0,
         "Temp Written Blocks": 0,
         "Plans": [{"Node Type": "BitmapAnd",
           "Parent Relationship": "Outer",
           "Parallel Aware": false,
           "Startup Cost": 153.37,
           "Total Cost": 153.37,
           "Plan Rows": 19,
           "Plan Width": 0,
           "Actual Startup Time": 9.052,
           "Actual Total Time": 9.061,
           "Actual Rows": 0,
           "Actual Loops": 1,
           "Shared Hit Blocks": 32,
           "Shared Read Blocks": 0,
           "Shared Dirtied Blocks": 0,
           "Shared Written Blocks": 0,
           "Local Hit Blocks": 0,
           "Local Read Blocks": 0,
           "Local Dirtied Blocks": 0,
           "Local Written Blocks": 0,
           "Temp Read Blocks": 0,
           "Temp Written Blocks": 0,
           "Plans": [{"Node Type": "Bitmap Index Scan",
             "Parent Relationship": "Member",
             "Parallel Aware": false,
             "Index Name": "issue_issue_account_id_55ed2b96",
             "Startup Cost": 0.0,
             "Total Cost": 17.87,
             "Plan Rows": 1260,
             "Plan Width": 0,
             "Actual Startup Time": 0.101,
             "Actual Total Time": 0.104,
             "Actual Rows": 1,
             "Actual Loops": 1,
             "Index Cond": "(issue_issue.account_id = 1)",
             "Shared Hit Blocks": 3,
             "Shared Read Blocks": 0,
             "Shared Dirtied Blocks": 0,
             "Shared Written Blocks": 0,
             "Local Hit Blocks": 0,
             "Local Read Blocks": 0,
             "Local Dirtied Blocks": 0,
             "Local Written Blocks": 0,
             "Temp Read Blocks": 0,
             "Temp Written Blocks": 0},
            {"Node Type": "Bitmap Index Scan",
             "Parent Relationship": "Member",
             "Parallel Aware": false,
             "Index Name": "issue_type_complete_id",
             "Startup Cost": 0.0,
             "Total Cost": 135.24,
             "Plan Rows": 3799,
             "Plan Width": 0,
             "Actual Startup Time": 8.915,
             "Actual Total Time": 8.916,
             "Actual Rows": 4011,
             "Actual Loops": 1,
             "Index Cond": "((issue_issue.model_type = ANY ('{2,3,4}'::integer[])) AND (issue_issue.is_complete = false))",
             "Shared Hit Blocks": 29,
             "Shared Read Blocks": 0,
             "Shared Dirtied Blocks": 0,
             "Shared Written Blocks": 0,
             "Local Hit Blocks": 0,
             "Local Read Blocks": 0,
             "Local Dirtied Blocks": 0,
             "Local Written Blocks": 0,
             "Temp Read Blocks": 0,
             "Temp Written Blocks": 0}]}]},
        {"Node Type": "Index Scan",
         "Parent Relationship": "Inner",
         "Parallel Aware": false,
         "Scan Direction": "Forward",
         "Index Name": "work_work_issue_id_381058ae",
         "Relation Name": "work_work",
         "Schema": "public",
         "Alias": "u1",
         "Startup Cost": 0.43,
         "Total Cost": 27.34,
         "Plan Rows": 1,
         "Plan Width": 8,
         "Actual Startup Time": 0.115,
         "Actual Total Time": 0.116,
         "Actual Rows": 0,
         "Actual Loops": 1,
         "Output": ["u1.id",
          "u1.is_complete",
          "u1.model_type",
          "u1.issue_id",
          "u1.account_id"],
         "Index Cond": "(u1.issue_id = issue_issue.id)",
         "Rows Removed by Index Recheck": 0,
         "Filter": "(u1.model_type = 4)",
         "Rows Removed by Filter": 6,
         "Shared Hit Blocks": 4,
         "Shared Read Blocks": 0,
         "Shared Dirtied Blocks": 0,
         "Shared Written Blocks": 0,
         "Local Hit Blocks": 0,
         "Local Read Blocks": 0,
         "Local Dirtied Blocks": 0,
         "Local Written Blocks": 0,
         "Temp Read Blocks": 0,
         "Temp Written Blocks": 0}]}]}]},
  "Planning": {"Shared Hit Blocks": 19,
   "Shared Read Blocks": 0,
   "Shared Dirtied Blocks": 0,
   "Shared Written Blocks": 0,
   "Local Hit Blocks": 0,
   "Local Read Blocks": 0,
   "Local Dirtied Blocks": 0,
   "Local Written Blocks": 0,
   "Temp Read Blocks": 0,
   "Temp Written Blocks": 0},
  "Planning Time": 6.904,
  "Triggers": [],
  "Execution Time": 10.06}]
